[2026-07-04 18:09:39,988] 23 root - INFO - Entered the data ingestion method or component
[2026-07-04 18:09:39,989] 26 root - INFO - Read the dataset as dataframe
[2026-07-04 18:09:39,991] 32 root - INFO - Train test split initiated
[2026-07-04 18:09:39,992] 37 root - INFO - Ingestion of the data is completed
[2026-07-04 18:09:39,993] 71 root - INFO - Read train and test data completed
[2026-07-04 18:09:39,993] 72 root - INFO - Obtaining preprocessing object
[2026-07-04 18:09:39,993] 51 root - INFO - Categorical columns encoding completed
[2026-07-04 18:09:39,994] 52 root - INFO - Numerical columns scaling completed
[2026-07-04 18:09:39,994] 85 root - INFO - Applying preprocessing object on training and testing datasets
[2026-07-04 18:09:39,999] 93 root - INFO - Saved preprocessing object
[2026-07-04 18:09:40,000] 38 root - INFO - Split training and test input data
[2026-07-04 18:09:40,000] 57 root - WARNING - Skipping XGBRegressor: 
XGBoost Library (libxgboost.dylib) could not be loaded.
Likely causes:
  * OpenMP runtime is not installed
    - vcomp140.dll or libgomp-1.dll for Windows
    - libomp.dylib for Mac OSX
    - libgomp.so for Linux and other UNIX-like OSes
    Mac OSX users: Run `brew install libomp` to install OpenMP runtime.

  * You are running 32-bit Python on a 64-bit OS

Error message(s): ["dlopen(/Users/joanne/Desktop/mlproject/endtoendmlproject/venv/lib/python3.9/site-packages/xgboost/lib/libxgboost.dylib, 0x0006): Library not loaded: @rpath/libomp.dylib\n  Referenced from: <89AD948E-E564-3266-867D-7AF89D6488F0> /Users/joanne/Desktop/mlproject/endtoendmlproject/venv/lib/python3.9/site-packages/xgboost/lib/libxgboost.dylib\n  Reason: tried: '/opt/homebrew/opt/libomp/lib/libomp.dylib' (no such file), '/System/Volumes/Preboot/Cryptexes/OS/opt/homebrew/opt/libomp/lib/libomp.dylib' (no such file), '/opt/homebrew/opt/libomp/lib/libomp.dylib' (no such file), '/System/Volumes/Preboot/Cryptexes/OS/opt/homebrew/opt/libomp/lib/libomp.dylib' (no such file), '/Users/joanne/Desktop/mlproject/endtoendmlproject/venv/lib/python3.9/lib-dynload/../../libomp.dylib' (no such file), '/Users/joanne/Desktop/mlproject/endtoendmlproject/venv/bin/../lib/libomp.dylib' (no such file)"]

[2026-07-04 18:09:40,631] 77 root - INFO - Best found model on both training and testing dataset
